This is pdfTeX, Version 3.1415926-2.5-1.40.14 (TeX Live 2013/Debian) (format=pdflatex 2014.9.16)  26 FEB 2015 16:14
entering extended mode
 restricted \write18 enabled.
 %&-line parsing enabled.
**cchead.sty
(./cchead.sty
LaTeX2e <2011/06/27>
Babel <3.9h> and hyphenation patterns for 4 languages loaded.
\!ZihaoNo=\count79
\ccwd=\dimen102
\ccht=\dimen103
\ccdp=\dimen104
\!ccbox=\box26
\!ccbdskip=\skip41
)
! Emergency stop.
<*> cchead.sty
              
*** (job aborted, no legal \end found)

 
Here is how much of TeX's memory you used:
 67 strings out of 494989
 501 string characters out of 6180577
 46094 words of memory out of 5000000
 3383 multiletter control sequences out of 15000+600000
 3640 words of font info for 14 fonts, out of 8000000 for 9000
 36 hyphenation exceptions out of 8191
 7i,0n,8p,107b,8s stack positions out of 5000i,500n,10000p,200000b,80000s
!  ==> Fatal error occurred, no output PDF file produced!
