This is pdfTeX, Version 3.1415926-2.5-1.40.14 (TeX Live 2013/Debian) (format=pdflatex 2014.9.16)  1 MAR 2015 21:05
entering extended mode
 restricted \write18 enabled.
 %&-line parsing enabled.
**lic.tex
(./lic.tex
LaTeX2e <2011/06/27>
Babel <3.9h> and hyphenation patterns for 4 languages loaded.
(/usr/share/texmf/tex/latex/beamer/base/beamer.cls
(/usr/share/texmf/tex/latex/beamer/base/beamerbasercs.sty
Package: beamerbasercs 2012/11/13 (rcs-revision cb16a617839f)
)
Document Class: beamer 2012/10/15 development version 3.24 A class for typesett
ing presentations (rcs-revision 24853e6b98cf)
(/usr/share/texmf/tex/latex/beamer/base/beamerbasemodes.sty
Package: beamerbasemodes 2012/04/15 (rcs-revision cc6557182d97)
\beamer@tempbox=\box26
\beamer@tempcount=\count79
\c@beamerpauses=\count80

(/usr/share/texmf/tex/latex/beamer/base/beamerbasedecode.sty
Package: beamerbasedecode 2010/05/01 (rcs-revision efa082c6111d)
\beamer@slideinframe=\count81
\beamer@minimum=\count82
)
\beamer@commentbox=\box27
\beamer@modecount=\count83
)
(/usr/share/texlive/texmf-dist/tex/generic/oberdiek/ifpdf.sty
Package: ifpdf 2011/01/30 v2.3 Provides the ifpdf switch (HO)
Package ifpdf Info: pdfTeX in PDF mode is detected.
)
\headheight=\dimen102
\headdp=\dimen103
\footheight=\dimen104
\sidebarheight=\dimen105
\beamer@tempdim=\dimen106
\beamer@finalheight=\dimen107
\beamer@animht=\dimen108
\beamer@animdp=\dimen109
\beamer@animwd=\dimen110
\beamer@leftmargin=\dimen111
\beamer@rightmargin=\dimen112
\beamer@leftsidebar=\dimen113
\beamer@rightsidebar=\dimen114
\beamer@boxsize=\dimen115
\beamer@vboxoffset=\dimen116
\beamer@descdefault=\dimen117
\beamer@descriptionwidth=\dimen118
\beamer@lastskip=\skip41
\beamer@areabox=\box28
\beamer@animcurrent=\box29
\beamer@animshowbox=\box30
\beamer@sectionbox=\box31
\beamer@logobox=\box32
\beamer@linebox=\box33
\beamer@sectioncount=\count84
\beamer@subsubsectionmax=\count85
\beamer@subsectionmax=\count86
\beamer@sectionmax=\count87
\beamer@totalheads=\count88
\beamer@headcounter=\count89
\beamer@partstartpage=\count90
\beamer@sectionstartpage=\count91
\beamer@subsectionstartpage=\count92
\beamer@animationtempa=\count93
\beamer@animationtempb=\count94
\beamer@xpos=\count95
\beamer@ypos=\count96
\beamer@showpartnumber=\count97
\beamer@currentsubsection=\count98
\beamer@coveringdepth=\count99
\beamer@sectionadjust=\count100
\beamer@tocsectionnumber=\count101

(/usr/share/texmf/tex/latex/beamer/base/beamerbaseoptions.sty
Package: beamerbaseoptions 2010/04/27 (rcs-revision 982469101dd6)

(/usr/share/texlive/texmf-dist/tex/latex/graphics/keyval.sty
Package: keyval 1999/03/16 v1.13 key=value parser (DPC)
\KV@toks@=\toks14
))
\beamer@paperwidth=\skip42
\beamer@paperheight=\skip43

(/usr/share/texlive/texmf-dist/tex/latex/geometry/geometry.sty
Package: geometry 2010/09/12 v5.6 Page Geometry

(/usr/share/texlive/texmf-dist/tex/generic/oberdiek/ifvtex.sty
Package: ifvtex 2010/03/01 v1.5 Detect VTeX and its facilities (HO)
Package ifvtex Info: VTeX not detected.
)
(/usr/share/texlive/texmf-dist/tex/generic/ifxetex/ifxetex.sty
Package: ifxetex 2010/09/12 v0.6 Provides ifxetex conditional
)
\Gm@cnth=\count102
\Gm@cntv=\count103
\c@Gm@tempcnt=\count104
\Gm@bindingoffset=\dimen119
\Gm@wd@mp=\dimen120
\Gm@odd@mp=\dimen121
\Gm@even@mp=\dimen122
\Gm@layoutwidth=\dimen123
\Gm@layoutheight=\dimen124
\Gm@layouthoffset=\dimen125
\Gm@layoutvoffset=\dimen126
\Gm@dimlist=\toks15
)

Class beamer Warning: ``mathserif'' is obsolete. Use font theme ``serif'' with 
option ``onlymath'' on input line 345.

(/usr/share/texlive/texmf-dist/tex/latex/base/size11.clo
File: size11.clo 2007/10/19 v1.4h Standard LaTeX file (size option)
)
(/usr/share/texmf/tex/latex/pgf/basiclayer/pgfcore.sty
(/usr/share/texlive/texmf-dist/tex/latex/graphics/graphicx.sty
Package: graphicx 1999/02/16 v1.0f Enhanced LaTeX Graphics (DPC,SPQR)

(/usr/share/texlive/texmf-dist/tex/latex/graphics/graphics.sty
Package: graphics 2009/02/05 v1.0o Standard LaTeX Graphics (DPC,SPQR)

(/usr/share/texlive/texmf-dist/tex/latex/graphics/trig.sty
Package: trig 1999/03/16 v1.09 sin cos tan (DPC)
)
(/etc/texmf/tex/latex/config/graphics.cfg
File: graphics.cfg 2009/08/28 v1.8 graphics configuration of TeX Live
)
Package graphics Info: Driver file: pdftex.def on input line 91.

(/usr/share/texlive/texmf-dist/tex/latex/pdftex-def/pdftex.def
File: pdftex.def 2011/05/27 v0.06d Graphics/color for pdfTeX

(/usr/share/texlive/texmf-dist/tex/generic/oberdiek/infwarerr.sty
Package: infwarerr 2010/04/08 v1.3 Providing info/warning/error messages (HO)
)
(/usr/share/texlive/texmf-dist/tex/generic/oberdiek/ltxcmds.sty
Package: ltxcmds 2011/11/09 v1.22 LaTeX kernel commands for general use (HO)
)
\Gread@gobject=\count105
))
\Gin@req@height=\dimen127
\Gin@req@width=\dimen128
)
(/usr/share/texmf/tex/latex/pgf/systemlayer/pgfsys.sty
(/usr/share/texmf/tex/latex/pgf/utilities/pgfrcs.sty
(/usr/share/texmf/tex/generic/pgf/utilities/pgfutil-common.tex
\pgfutil@everybye=\toks16
)
(/usr/share/texmf/tex/generic/pgf/utilities/pgfutil-latex.def
\pgfutil@abb=\box34

(/usr/share/texlive/texmf-dist/tex/latex/ms/everyshi.sty
Package: everyshi 2001/05/15 v3.00 EveryShipout Package (MS)
))
(/usr/share/texmf/tex/generic/pgf/utilities/pgfrcs.code.tex
Package: pgfrcs 2010/10/25 v2.10 (rcs-revision 1.24)
))
(/usr/share/texmf/tex/generic/pgf/systemlayer/pgfsys.code.tex
Package: pgfsys 2010/06/30 v2.10 (rcs-revision 1.37)

(/usr/share/texmf/tex/generic/pgf/utilities/pgfkeys.code.tex
\pgfkeys@pathtoks=\toks17
\pgfkeys@temptoks=\toks18

(/usr/share/texmf/tex/generic/pgf/utilities/pgfkeysfiltered.code.tex
\pgfkeys@tmptoks=\toks19
))
\pgf@x=\dimen129
\pgf@y=\dimen130
\pgf@xa=\dimen131
\pgf@ya=\dimen132
\pgf@xb=\dimen133
\pgf@yb=\dimen134
\pgf@xc=\dimen135
\pgf@yc=\dimen136
\w@pgf@writea=\write3
\r@pgf@reada=\read1
\c@pgf@counta=\count106
\c@pgf@countb=\count107
\c@pgf@countc=\count108
\c@pgf@countd=\count109

(/usr/share/texmf/tex/generic/pgf/systemlayer/pgf.cfg
File: pgf.cfg 2008/05/14  (rcs-revision 1.7)
)
Package pgfsys Info: Driver file for pgf: pgfsys-pdftex.def on input line 900.

(/usr/share/texmf/tex/generic/pgf/systemlayer/pgfsys-pdftex.def
File: pgfsys-pdftex.def 2009/05/22  (rcs-revision 1.26)

(/usr/share/texmf/tex/generic/pgf/systemlayer/pgfsys-common-pdf.def
File: pgfsys-common-pdf.def 2008/05/19  (rcs-revision 1.10)
)))
(/usr/share/texmf/tex/generic/pgf/systemlayer/pgfsyssoftpath.code.tex
File: pgfsyssoftpath.code.tex 2008/07/18  (rcs-revision 1.7)
\pgfsyssoftpath@smallbuffer@items=\count110
\pgfsyssoftpath@bigbuffer@items=\count111
)
(/usr/share/texmf/tex/generic/pgf/systemlayer/pgfsysprotocol.code.tex
File: pgfsysprotocol.code.tex 2006/10/16  (rcs-revision 1.4)
))
(/usr/share/texmf/tex/latex/xcolor/xcolor.sty
Package: xcolor 2007/01/21 v2.11 LaTeX color extensions (UK)

(/etc/texmf/tex/latex/config/color.cfg
File: color.cfg 2007/01/18 v1.5 color configuration of teTeX/TeXLive
)
Package xcolor Info: Driver file: pdftex.def on input line 225.
Package xcolor Info: Model `cmy' substituted by `cmy0' on input line 1337.
Package xcolor Info: Model `hsb' substituted by `rgb' on input line 1341.
Package xcolor Info: Model `RGB' extended on input line 1353.
Package xcolor Info: Model `HTML' substituted by `rgb' on input line 1355.
Package xcolor Info: Model `Hsb' substituted by `hsb' on input line 1356.
Package xcolor Info: Model `tHsb' substituted by `hsb' on input line 1357.
Package xcolor Info: Model `HSB' substituted by `hsb' on input line 1358.
Package xcolor Info: Model `Gray' substituted by `gray' on input line 1359.
Package xcolor Info: Model `wave' substituted by `hsb' on input line 1360.
)
(/usr/share/texmf/tex/generic/pgf/basiclayer/pgfcore.code.tex
Package: pgfcore 2010/04/11 v2.10 (rcs-revision 1.7)

(/usr/share/texmf/tex/generic/pgf/math/pgfmath.code.tex
(/usr/share/texmf/tex/generic/pgf/math/pgfmathcalc.code.tex
(/usr/share/texmf/tex/generic/pgf/math/pgfmathutil.code.tex)
(/usr/share/texmf/tex/generic/pgf/math/pgfmathparser.code.tex
\pgfmath@dimen=\dimen137
\pgfmath@count=\count112
\pgfmath@box=\box35
\pgfmath@toks=\toks20
\pgfmath@stack@operand=\toks21
\pgfmath@stack@operation=\toks22
)
(/usr/share/texmf/tex/generic/pgf/math/pgfmathfunctions.code.tex
(/usr/share/texmf/tex/generic/pgf/math/pgfmathfunctions.basic.code.tex)
(/usr/share/texmf/tex/generic/pgf/math/pgfmathfunctions.trigonometric.code.tex)
(/usr/share/texmf/tex/generic/pgf/math/pgfmathfunctions.random.code.tex)
(/usr/share/texmf/tex/generic/pgf/math/pgfmathfunctions.comparison.code.tex)
(/usr/share/texmf/tex/generic/pgf/math/pgfmathfunctions.base.code.tex)
(/usr/share/texmf/tex/generic/pgf/math/pgfmathfunctions.round.code.tex)
(/usr/share/texmf/tex/generic/pgf/math/pgfmathfunctions.misc.code.tex)))
(/usr/share/texmf/tex/generic/pgf/math/pgfmathfloat.code.tex
\c@pgfmathroundto@lastzeros=\count113
))
(/usr/share/texmf/tex/generic/pgf/basiclayer/pgfcorepoints.code.tex
File: pgfcorepoints.code.tex 2010/04/09  (rcs-revision 1.20)
\pgf@picminx=\dimen138
\pgf@picmaxx=\dimen139
\pgf@picminy=\dimen140
\pgf@picmaxy=\dimen141
\pgf@pathminx=\dimen142
\pgf@pathmaxx=\dimen143
\pgf@pathminy=\dimen144
\pgf@pathmaxy=\dimen145
\pgf@xx=\dimen146
\pgf@xy=\dimen147
\pgf@yx=\dimen148
\pgf@yy=\dimen149
\pgf@zx=\dimen150
\pgf@zy=\dimen151
)
(/usr/share/texmf/tex/generic/pgf/basiclayer/pgfcorepathconstruct.code.tex
File: pgfcorepathconstruct.code.tex 2010/08/03  (rcs-revision 1.24)
\pgf@path@lastx=\dimen152
\pgf@path@lasty=\dimen153
)
(/usr/share/texmf/tex/generic/pgf/basiclayer/pgfcorepathusage.code.tex
File: pgfcorepathusage.code.tex 2008/04/22  (rcs-revision 1.12)
\pgf@shorten@end@additional=\dimen154
\pgf@shorten@start@additional=\dimen155
)
(/usr/share/texmf/tex/generic/pgf/basiclayer/pgfcorescopes.code.tex
File: pgfcorescopes.code.tex 2010/09/08  (rcs-revision 1.34)
\pgfpic=\box36
\pgf@hbox=\box37
\pgf@layerbox@main=\box38
\pgf@picture@serial@count=\count114
)
(/usr/share/texmf/tex/generic/pgf/basiclayer/pgfcoregraphicstate.code.tex
File: pgfcoregraphicstate.code.tex 2008/04/22  (rcs-revision 1.9)
\pgflinewidth=\dimen156
)
(/usr/share/texmf/tex/generic/pgf/basiclayer/pgfcoretransformations.code.tex
File: pgfcoretransformations.code.tex 2009/06/10  (rcs-revision 1.11)
\pgf@pt@x=\dimen157
\pgf@pt@y=\dimen158
\pgf@pt@temp=\dimen159
)
(/usr/share/texmf/tex/generic/pgf/basiclayer/pgfcorequick.code.tex
File: pgfcorequick.code.tex 2008/10/09  (rcs-revision 1.3)
)
(/usr/share/texmf/tex/generic/pgf/basiclayer/pgfcoreobjects.code.tex
File: pgfcoreobjects.code.tex 2006/10/11  (rcs-revision 1.2)
)
(/usr/share/texmf/tex/generic/pgf/basiclayer/pgfcorepathprocessing.code.tex
File: pgfcorepathprocessing.code.tex 2008/10/09  (rcs-revision 1.8)
)
(/usr/share/texmf/tex/generic/pgf/basiclayer/pgfcorearrows.code.tex
File: pgfcorearrows.code.tex 2008/04/23  (rcs-revision 1.11)
)
(/usr/share/texmf/tex/generic/pgf/basiclayer/pgfcoreshade.code.tex
File: pgfcoreshade.code.tex 2008/11/23  (rcs-revision 1.13)
\pgf@max=\dimen160
\pgf@sys@shading@range@num=\count115
)
(/usr/share/texmf/tex/generic/pgf/basiclayer/pgfcoreimage.code.tex
File: pgfcoreimage.code.tex 2010/03/25  (rcs-revision 1.16)

(/usr/share/texmf/tex/generic/pgf/basiclayer/pgfcoreexternal.code.tex
File: pgfcoreexternal.code.tex 2010/09/01  (rcs-revision 1.17)
\pgfexternal@startupbox=\box39
))
(/usr/share/texmf/tex/generic/pgf/basiclayer/pgfcorelayers.code.tex
File: pgfcorelayers.code.tex 2010/08/27  (rcs-revision 1.2)
)
(/usr/share/texmf/tex/generic/pgf/basiclayer/pgfcoretransparency.code.tex
File: pgfcoretransparency.code.tex 2008/01/17  (rcs-revision 1.2)
)
(/usr/share/texmf/tex/generic/pgf/basiclayer/pgfcorepatterns.code.tex
File: pgfcorepatterns.code.tex 2009/07/02  (rcs-revision 1.3)
)))
(/usr/share/texmf/tex/latex/pgf/utilities/xxcolor.sty
Package: xxcolor 2003/10/24 ver 0.1
\XC@nummixins=\count116
\XC@countmixins=\count117
)
(/usr/share/texlive/texmf-dist/tex/latex/hyperref/hyperref.sty
Package: hyperref 2012/11/06 v6.83m Hypertext links for LaTeX

(/usr/share/texlive/texmf-dist/tex/generic/oberdiek/hobsub-hyperref.sty
Package: hobsub-hyperref 2012/05/28 v1.13 Bundle oberdiek, subset hyperref (HO)


(/usr/share/texlive/texmf-dist/tex/generic/oberdiek/hobsub-generic.sty
Package: hobsub-generic 2012/05/28 v1.13 Bundle oberdiek, subset generic (HO)
Package: hobsub 2012/05/28 v1.13 Construct package bundles (HO)
Package hobsub Info: Skipping package `infwarerr' (already loaded).
Package hobsub Info: Skipping package `ltxcmds' (already loaded).
Package: ifluatex 2010/03/01 v1.3 Provides the ifluatex switch (HO)
Package ifluatex Info: LuaTeX not detected.
Package hobsub Info: Skipping package `ifvtex' (already loaded).
Package: intcalc 2007/09/27 v1.1 Expandable calculations with integers (HO)
Package hobsub Info: Skipping package `ifpdf' (already loaded).
Package: etexcmds 2011/02/16 v1.5 Avoid name clashes with e-TeX commands (HO)
Package etexcmds Info: Could not find \expanded.
(etexcmds)             That can mean that you are not using pdfTeX 1.50 or
(etexcmds)             that some package has redefined \expanded.
(etexcmds)             In the latter case, load this package earlier.
Package: kvsetkeys 2012/04/25 v1.16 Key value parser (HO)
Package: kvdefinekeys 2011/04/07 v1.3 Define keys (HO)
Package: pdftexcmds 2011/11/29 v0.20 Utility functions of pdfTeX for LuaTeX (HO
)
Package pdftexcmds Info: LuaTeX not detected.
Package pdftexcmds Info: \pdf@primitive is available.
Package pdftexcmds Info: \pdf@ifprimitive is available.
Package pdftexcmds Info: \pdfdraftmode found.
Package: pdfescape 2011/11/25 v1.13 Implements pdfTeX's escape features (HO)
Package: bigintcalc 2012/04/08 v1.3 Expandable calculations on big integers (HO
)
Package: bitset 2011/01/30 v1.1 Handle bit-vector datatype (HO)
Package: uniquecounter 2011/01/30 v1.2 Provide unlimited unique counter (HO)
)
Package hobsub Info: Skipping package `hobsub' (already loaded).
Package: letltxmacro 2010/09/02 v1.4 Let assignment for LaTeX macros (HO)
Package: hopatch 2012/05/28 v1.2 Wrapper for package hooks (HO)
Package: xcolor-patch 2011/01/30 xcolor patch
Package: atveryend 2011/06/30 v1.8 Hooks at the very end of document (HO)
Package atveryend Info: \enddocument detected (standard20110627).
Package: atbegshi 2011/10/05 v1.16 At begin shipout hook (HO)
Package: refcount 2011/10/16 v3.4 Data extraction from label references (HO)
Package: hycolor 2011/01/30 v1.7 Color options for hyperref/bookmark (HO)
)
(/usr/share/texlive/texmf-dist/tex/latex/oberdiek/auxhook.sty
Package: auxhook 2011/03/04 v1.3 Hooks for auxiliary files (HO)
)
(/usr/share/texlive/texmf-dist/tex/latex/oberdiek/kvoptions.sty
Package: kvoptions 2011/06/30 v3.11 Key value format for package options (HO)
)
\@linkdim=\dimen161
\Hy@linkcounter=\count118
\Hy@pagecounter=\count119

(/usr/share/texlive/texmf-dist/tex/latex/hyperref/pd1enc.def
File: pd1enc.def 2012/11/06 v6.83m Hyperref: PDFDocEncoding definition (HO)
)
\Hy@SavedSpaceFactor=\count120

(/usr/share/texlive/texmf-dist/tex/latex/latexconfig/hyperref.cfg
File: hyperref.cfg 2002/06/06 v1.2 hyperref configuration of TeXLive
)
Package hyperref Info: Option `bookmarks' set `true' on input line 4319.
Package hyperref Info: Option `bookmarksopen' set `true' on input line 4319.
Package hyperref Info: Option `implicit' set `false' on input line 4319.
Package hyperref Info: Hyper figures OFF on input line 4443.
Package hyperref Info: Link nesting OFF on input line 4448.
Package hyperref Info: Hyper index ON on input line 4451.
Package hyperref Info: Plain pages OFF on input line 4458.
Package hyperref Info: Backreferencing OFF on input line 4463.
Package hyperref Info: Implicit mode OFF; no redefinition of LaTeX internals.
Package hyperref Info: Bookmarks ON on input line 4688.
\c@Hy@tempcnt=\count121

(/usr/share/texlive/texmf-dist/tex/latex/url/url.sty
\Urlmuskip=\muskip10
Package: url 2013/09/16  ver 3.4  Verb mode for urls, etc.
)
LaTeX Info: Redefining \url on input line 5041.
\XeTeXLinkMargin=\dimen162
\Fld@menulength=\count122
\Field@Width=\dimen163
\Fld@charsize=\dimen164
Package hyperref Info: Hyper figures OFF on input line 6295.
Package hyperref Info: Link nesting OFF on input line 6300.
Package hyperref Info: Hyper index ON on input line 6303.
Package hyperref Info: backreferencing OFF on input line 6310.
Package hyperref Info: Link coloring OFF on input line 6315.
Package hyperref Info: Link coloring with OCG OFF on input line 6320.
Package hyperref Info: PDF/A mode OFF on input line 6325.
LaTeX Info: Redefining \ref on input line 6365.
LaTeX Info: Redefining \pageref on input line 6369.
\Hy@abspage=\count123


Package hyperref Message: Stopped early.

)

Package hyperref Message: Driver (autodetected): hpdftex.

(/usr/share/texlive/texmf-dist/tex/latex/hyperref/hpdftex.def
File: hpdftex.def 2012/11/06 v6.83m Hyperref driver for pdfTeX
\Fld@listcount=\count124
\c@bookmark@seq@number=\count125

(/usr/share/texlive/texmf-dist/tex/latex/oberdiek/rerunfilecheck.sty
Package: rerunfilecheck 2011/04/15 v1.7 Rerun checks for auxiliary files (HO)
Package uniquecounter Info: New unique counter `rerunfilecheck' on input line 2
82.
))
(/usr/share/texmf/tex/latex/beamer/base/beamerbaserequires.sty
Package: beamerbaserequires 2010/05/01  (rcs-revision efa082c6111d)

(/usr/share/texmf/tex/latex/beamer/base/beamerbasecompatibility.sty
Package: beamerbasecompatibility 2012/05/01  (rcs-revision 67c48b3b652d)
)
(/usr/share/texmf/tex/latex/beamer/base/beamerbasefont.sty
Package: beamerbasefont 2012/09/19  (rcs-revision 733629cd0c6c)

(/usr/share/texlive/texmf-dist/tex/latex/amsfonts/amssymb.sty
Package: amssymb 2013/01/14 v3.01 AMS font symbols

(/usr/share/texlive/texmf-dist/tex/latex/amsfonts/amsfonts.sty
Package: amsfonts 2013/01/14 v3.01 Basic AMSFonts support
\@emptytoks=\toks23
\symAMSa=\mathgroup4
\symAMSb=\mathgroup5
LaTeX Font Info:    Overwriting math alphabet `\mathfrak' in version `bold'
(Font)                  U/euf/m/n --> U/euf/b/n on input line 106.
)))
(/usr/share/texmf/tex/latex/beamer/base/beamerbasetranslator.sty
Package: beamerbasetranslator 2010/06/11  (rcs-revision 85fd1cc7fc42)

(/usr/share/texmf/tex/latex/beamer/base/translator/translator.sty
Package: translator 2010/06/12 ver 1.10

(/usr/share/texmf/tex/latex/beamer/base/translator/translator-language-mappings
.tex))) (/usr/share/texmf/tex/latex/beamer/base/beamerbasemisc.sty
Package: beamerbasemisc 2012/02/24  (rcs-revision 2ff5461be705)
)
(/usr/share/texmf/tex/latex/beamer/base/beamerbasetwoscreens.sty
Package: beamerbasetwoscreens 2010/05/01  (rcs-revision efa082c6111d)
)
(/usr/share/texmf/tex/latex/beamer/base/beamerbaseoverlay.sty
Package: beamerbaseoverlay 2012/11/11  (rcs-revision 6afbc49b1109)
\beamer@argscount=\count126
\beamer@lastskipcover=\skip44
\beamer@trivlistdepth=\count127
)
(/usr/share/texmf/tex/latex/beamer/base/beamerbasetitle.sty
Package: beamerbasetitle 2010/09/21  (rcs-revision f0446ed0b6ae)
)
(/usr/share/texmf/tex/latex/beamer/base/beamerbasesection.sty
Package: beamerbasesection 2012/11/11  (rcs-revision 0056eef6f17f)
\c@lecture=\count128
\c@part=\count129
\c@section=\count130
\c@subsection=\count131
\c@subsubsection=\count132
)
(/usr/share/texmf/tex/latex/beamer/base/beamerbaseframe.sty
Package: beamerbaseframe 2012/09/13  (rcs-revision dcd846607320)
\beamer@framebox=\box40
\beamer@frametitlebox=\box41
\beamer@zoombox=\box42
\beamer@zoomcount=\count133
\beamer@zoomframecount=\count134
\beamer@frametextheight=\dimen165
\c@subsectionslide=\count135
\beamer@frametopskip=\skip45
\beamer@framebottomskip=\skip46
\beamer@frametopskipautobreak=\skip47
\beamer@framebottomskipautobreak=\skip48
\beamer@envbody=\toks24
\framewidth=\dimen166
\c@framenumber=\count136
)
(/usr/share/texmf/tex/latex/beamer/base/beamerbaseverbatim.sty
Package: beamerbaseverbatim 2012/08/30  (rcs-revision dfdb135076b3)
\beamer@verbatimfileout=\write4
)
(/usr/share/texmf/tex/latex/beamer/base/beamerbaseframesize.sty
Package: beamerbaseframesize 2011/09/12  (rcs-revision 70f9d8411e54)
\beamer@splitbox=\box43
\beamer@autobreakcount=\count137
\beamer@autobreaklastheight=\dimen167
\beamer@frametitletoks=\toks25
\beamer@framesubtitletoks=\toks26
)
(/usr/share/texmf/tex/latex/beamer/base/beamerbaseframecomponents.sty
Package: beamerbaseframecomponents 2012/09/13  (rcs-revision dcd846607320)
\beamer@footins=\box44
)
(/usr/share/texmf/tex/latex/beamer/base/beamerbasecolor.sty
Package: beamerbasecolor 2010/06/06  (rcs-revision d1a9b48be06d)
)
(/usr/share/texmf/tex/latex/beamer/base/beamerbasenotes.sty
Package: beamerbasenotes 2010/05/01  (rcs-revision efa082c6111d)
\beamer@frameboxcopy=\box45
)
(/usr/share/texmf/tex/latex/beamer/base/beamerbasetoc.sty
Package: beamerbasetoc 2012/10/02  (rcs-revision 5ed0f4010e8a)
)
(/usr/share/texmf/tex/latex/beamer/base/beamerbasetemplates.sty
Package: beamerbasetemplates 2010/05/01  (rcs-revision efa082c6111d)
\beamer@sbttoks=\toks27

(/usr/share/texmf/tex/latex/beamer/base/beamerbaseauxtemplates.sty
Package: beamerbaseauxtemplates 2012/05/01  (rcs-revision 67c48b3b652d)

(/usr/share/texmf/tex/latex/beamer/base/beamerbaseboxes.sty
Package: beamerbaseboxes 2012/05/13  (rcs-revision 56972908a390)
\bmb@box=\box46
\bmb@colorbox=\box47
\bmb@boxshadow=\box48
\bmb@boxshadowball=\box49
\bmb@boxshadowballlarge=\box50
\bmb@temp=\dimen168
\bmb@dima=\dimen169
\bmb@dimb=\dimen170
\bmb@prevheight=\dimen171
)
\beamer@blockheadheight=\dimen172
))
(/usr/share/texmf/tex/latex/beamer/base/beamerbaselocalstructure.sty
Package: beamerbaselocalstructure 2012/11/13  (rcs-revision ddfba79dac19)

(/usr/share/texlive/texmf-dist/tex/latex/tools/enumerate.sty
Package: enumerate 1999/03/05 v3.00 enumerate extensions (DPC)
\@enLab=\toks28
)
\c@figure=\count138
\c@table=\count139
\abovecaptionskip=\skip49
\belowcaptionskip=\skip50
)
(/usr/share/texmf/tex/latex/beamer/base/beamerbasenavigation.sty
Package: beamerbasenavigation 2012/04/03  (rcs-revision 42a0f21a412d)
\beamer@section@min@dim=\dimen173
)
(/usr/share/texmf/tex/latex/beamer/base/beamerbasetheorems.sty
Package: beamerbasetheorems 2010/06/06  (rcs-revision 7e7cc5e53e9d)

(/usr/share/texlive/texmf-dist/tex/latex/amsmath/amsmath.sty
Package: amsmath 2013/01/14 v2.14 AMS math features
\@mathmargin=\skip51

For additional information on amsmath, use the `?' option.
(/usr/share/texlive/texmf-dist/tex/latex/amsmath/amstext.sty
Package: amstext 2000/06/29 v2.01

(/usr/share/texlive/texmf-dist/tex/latex/amsmath/amsgen.sty
File: amsgen.sty 1999/11/30 v2.0
\@emptytoks=\toks29
\ex@=\dimen174
))
(/usr/share/texlive/texmf-dist/tex/latex/amsmath/amsbsy.sty
Package: amsbsy 1999/11/29 v1.2d
\pmbraise@=\dimen175
)
(/usr/share/texlive/texmf-dist/tex/latex/amsmath/amsopn.sty
Package: amsopn 1999/12/14 v2.01 operator names
)
\inf@bad=\count140
LaTeX Info: Redefining \frac on input line 210.
\uproot@=\count141
\leftroot@=\count142
LaTeX Info: Redefining \overline on input line 306.
\classnum@=\count143
\DOTSCASE@=\count144
LaTeX Info: Redefining \ldots on input line 378.
LaTeX Info: Redefining \dots on input line 381.
LaTeX Info: Redefining \cdots on input line 466.
\Mathstrutbox@=\box51
\strutbox@=\box52
\big@size=\dimen176
LaTeX Font Info:    Redeclaring font encoding OML on input line 566.
LaTeX Font Info:    Redeclaring font encoding OMS on input line 567.
\macc@depth=\count145
\c@MaxMatrixCols=\count146
\dotsspace@=\muskip11
\c@parentequation=\count147
\dspbrk@lvl=\count148
\tag@help=\toks30
\row@=\count149
\column@=\count150
\maxfields@=\count151
\andhelp@=\toks31
\eqnshift@=\dimen177
\alignsep@=\dimen178
\tagshift@=\dimen179
\tagwidth@=\dimen180
\totwidth@=\dimen181
\lineht@=\dimen182
\@envbody=\toks32
\multlinegap=\skip52
\multlinetaggap=\skip53
\mathdisplay@stack=\toks33
LaTeX Info: Redefining \[ on input line 2665.
LaTeX Info: Redefining \] on input line 2666.
)
(/usr/share/texlive/texmf-dist/tex/latex/amscls/amsthm.sty
Package: amsthm 2004/08/06 v2.20
\thm@style=\toks34
\thm@bodyfont=\toks35
\thm@headfont=\toks36
\thm@notefont=\toks37
\thm@headpunct=\toks38
\thm@preskip=\skip54
\thm@postskip=\skip55
\thm@headsep=\skip56
\dth@everypar=\toks39
)
\c@theorem=\count152
)
(/usr/share/texmf/tex/latex/beamer/base/beamerbasethemes.sty
Package: beamerbasethemes 2010/05/01  (rcs-revision efa082c6111d)
))
(/usr/share/texmf/tex/latex/beamer/base/themes/theme/beamerthemedefault.sty
Package: beamerthemedefault 2010/06/17  (rcs-revision d02a7cf4d8ae)

(/usr/share/texmf/tex/latex/beamer/base/themes/font/beamerfontthemedefault.sty
Package: beamerfontthemedefault 2010/06/17  (rcs-revision d02a7cf4d8ae)
)
(/usr/share/texmf/tex/latex/beamer/base/themes/color/beamercolorthemedefault.st
y
Package: beamercolorthemedefault 2010/06/17  (rcs-revision d02a7cf4d8ae)
)
(/usr/share/texmf/tex/latex/beamer/base/themes/inner/beamerinnerthemedefault.st
y
Package: beamerinnerthemedefault 2012/05/01  (rcs-revision 67c48b3b652d)
\beamer@dima=\dimen183
\beamer@dimb=\dimen184
)
(/usr/share/texmf/tex/latex/beamer/base/themes/outer/beamerouterthemedefault.st
y
Package: beamerouterthemedefault 2012/10/02  (rcs-revision 5ed0f4010e8a)
)))
Package hyperref Info: Option `CJKbookmarks' set `true' on input line 5.
 (/usr/share/texmf/tex/latex/beamer/base/themes/theme/beamerthemeMadrid.sty
Package: beamerthemeMadrid 2010/06/17  (rcs-revision d02a7cf4d8ae)
(/usr/share/texmf/tex/latex/beamer/base/themes/color/beamercolorthemewhale.sty
Package: beamercolorthemewhale 2010/06/17  (rcs-revision d02a7cf4d8ae)
)
(/usr/share/texmf/tex/latex/beamer/base/themes/color/beamercolorthemeorchid.sty
Package: beamercolorthemeorchid 2010/06/17  (rcs-revision d02a7cf4d8ae)
)
(/usr/share/texmf/tex/latex/beamer/base/themes/inner/beamerinnerthemerounded.st
y
Package: beamerinnerthemerounded 2010/06/17  (rcs-revision d02a7cf4d8ae)
)
(/usr/share/texmf/tex/latex/beamer/base/themes/outer/beamerouterthemeinfolines.
sty
Package: beamerouterthemeinfolines 2012/10/16  (rcs-revision 51a8c72084af)
)) (/usr/share/texlive/texmf-dist/tex/latex/colortbl/colortbl.sty
Package: colortbl 2012/02/13 v1.0a Color table columns (DPC)

(/usr/share/texlive/texmf-dist/tex/latex/tools/array.sty
Package: array 2008/09/09 v2.4c Tabular extension package (FMi)
\col@sep=\dimen185
\extrarowheight=\dimen186
\NC@list=\toks40
\extratabsurround=\skip57
\backup@length=\skip58
)
\everycr=\toks41
\minrowclearance=\skip59
)
(/usr/share/texmf/tex/latex/pgf/basiclayer/pgf.sty
Package: pgf 2008/01/15 v2.10 (rcs-revision 1.12)

(/usr/share/texmf/tex/generic/pgf/modules/pgfmoduleshapes.code.tex
File: pgfmoduleshapes.code.tex 2010/09/09  (rcs-revision 1.13)
\pgfnodeparttextbox=\box53
)
(/usr/share/texmf/tex/generic/pgf/modules/pgfmoduleplot.code.tex
File: pgfmoduleplot.code.tex 2010/10/22  (rcs-revision 1.8)
)
(/usr/share/texmf/tex/latex/pgf/compatibility/pgfcomp-version-0-65.sty
Package: pgfcomp-version-0-65 2007/07/03 v2.10 (rcs-revision 1.7)
\pgf@nodesepstart=\dimen187
\pgf@nodesepend=\dimen188
)
(/usr/share/texmf/tex/latex/pgf/compatibility/pgfcomp-version-1-18.sty
Package: pgfcomp-version-1-18 2007/07/23 v2.10 (rcs-revision 1.1)
))
(/usr/share/texmf/tex/latex/pgf/frontendlayer/tikz.sty
(/usr/share/texmf/tex/latex/pgf/utilities/pgffor.sty
(/usr/share/texmf/tex/latex/pgf/utilities/pgfkeys.sty
(/usr/share/texmf/tex/generic/pgf/utilities/pgfkeys.code.tex))
(/usr/share/texmf/tex/generic/pgf/utilities/pgffor.code.tex
Package: pgffor 2010/03/23 v2.10 (rcs-revision 1.18)
\pgffor@iter=\dimen189
\pgffor@skip=\dimen190
\pgffor@stack=\toks42
\pgffor@toks=\toks43
))
(/usr/share/texmf/tex/generic/pgf/frontendlayer/tikz/tikz.code.tex
Package: tikz 2010/10/13 v2.10 (rcs-revision 1.76)

(/usr/share/texmf/tex/generic/pgf/libraries/pgflibraryplothandlers.code.tex
File: pgflibraryplothandlers.code.tex 2010/05/31 v2.10 (rcs-revision 1.15)
\pgf@plot@mark@count=\count153
\pgfplotmarksize=\dimen191
)
\tikz@lastx=\dimen192
\tikz@lasty=\dimen193
\tikz@lastxsaved=\dimen194
\tikz@lastysaved=\dimen195
\tikzleveldistance=\dimen196
\tikzsiblingdistance=\dimen197
\tikz@figbox=\box54
\tikz@tempbox=\box55
\tikztreelevel=\count154
\tikznumberofchildren=\count155
\tikznumberofcurrentchild=\count156
\tikz@fig@count=\count157

(/usr/share/texmf/tex/generic/pgf/modules/pgfmodulematrix.code.tex
File: pgfmodulematrix.code.tex 2010/08/24  (rcs-revision 1.4)
\pgfmatrixcurrentrow=\count158
\pgfmatrixcurrentcolumn=\count159
\pgf@matrix@numberofcolumns=\count160
)
\tikz@expandcount=\count161

(/usr/share/texmf/tex/generic/pgf/frontendlayer/tikz/libraries/tikzlibrarytopat
hs.code.tex
File: tikzlibrarytopaths.code.tex 2008/06/17 v2.10 (rcs-revision 1.2)
))) (./subfigure.sty
\c@subfigure=\count162
)
(/usr/share/texlive/texmf-dist/tex/latex/caption/subcaption.sty
Package: subcaption 2013/02/03 v1.1-62 Sub-captions (AR)

(/usr/share/texlive/texmf-dist/tex/latex/caption/caption.sty
Package: caption 2013/05/02 v3.3-89 Customizing captions (AR)

(/usr/share/texlive/texmf-dist/tex/latex/caption/caption3.sty
Package: caption3 2013/05/02 v1.6-88 caption3 kernel (AR)
Package caption3 Info: TeX engine: e-TeX on input line 57.
\captionmargin=\dimen198
\captionmargin@=\dimen199
\captionwidth=\dimen200
\caption@tempdima=\dimen201
\caption@indent=\dimen202
\caption@parindent=\dimen203
\caption@hangindent=\dimen204
)
\c@ContinuedFloat=\count163
Package caption Info: beamer document class.
Package caption Info: hyperref package is loaded.
Package caption Info: Hyperref support is turned off
(caption)             because hyperref has stopped early.
Package caption Info: subfigure package is loaded.


! Package caption Error: For a successful cooperation we need at least version
(caption)                `2002/01/23 v2.1' of package subfigure,
(caption)                but only version
(caption)                `'
(caption)                is available.

See the caption package documentation for explanation.
Type  H <return>  for immediate help.
 ...                                              
                                                  
l.1666 }{}
          
If you do not understand this error, please take a closer look
at the documentation of the `caption' package, especially the
section about errors.
Try typing  <return>  to proceed.
If that doesn't work, type  X <return>  to quit.

)

! Package subcaption Error: This package can't be used in cooperation
(subcaption)                with the subfigure package.

See the subcaption package documentation for explanation.
Type  H <return>  for immediate help.
 ...                                              
                                                  
l.48   \endinput}{}
                   %
RTFM

) (./comment.sty
\CommentStream=\write5
 Excluding comment 'comment') (./picins.sty
Option `picins' Version 3.0 Sep. 1992, TH Darmstadt/HRZ
\@BILD=\box56
\@TEXT=\box57
\d@breite=\dimen205
\d@hoehe=\dimen206
\d@xoff=\dimen207
\d@yoff=\dimen208
\d@shad=\dimen209
\d@dash=\dimen210
\d@boxl=\dimen211
\d@pichskip=\dimen212
\d@tmp=\dimen213
\d@tmpa=\dimen214
\d@bskip=\dimen215
\hsiz@=\dimen216
\p@getot@l=\dimen217
\c@breite=\count164
\c@hoehe=\count165
\c@xoff=\count166
\c@yoff=\count167
\c@pos=\count168
\c@shad=\count169
\c@dash=\count170
\c@boxl=\count171
\c@zeilen=\count172
\@changemode=\count173
\c@piccaption=\count174
\c@piccaptionpos=\count175
\c@picpos=\count176
\c@whole=\count177
\c@half=\count178
\c@tmp=\count179
\c@tmpa=\count180
\c@tmpb=\count181
\c@tmpc=\count182
\c@tmpd=\count183
\d@leftskip=\skip60
\ptoti=\dimen218
\ptotii=\dimen219
\env@box=\box58
\d@envdp=\dimen220
\c@hsize=\count184
\c@envdp=\count185
\d@envb=\dimen221
)
(/usr/share/texlive/texmf-dist/tex/latex/oberdiek/epstopdf.sty
Package: epstopdf 2010/02/09 v2.5 Conversion with epstopdf on the fly (HO)

(/usr/share/texlive/texmf-dist/tex/latex/oberdiek/epstopdf-base.sty
Package: epstopdf-base 2010/02/09 v2.5 Base part for package epstopdf

(/usr/share/texlive/texmf-dist/tex/latex/oberdiek/grfext.sty
Package: grfext 2010/08/19 v1.1 Manage graphics extensions (HO)
)
Package grfext Info: Graphics extension search list:
(grfext)             [.png,.pdf,.jpg,.mps,.jpeg,.jbig2,.jb2,.PNG,.PDF,.JPG,.JPE
G,.JBIG2,.JB2,.eps]
(grfext)             \AppendGraphicsExtensions on input line 452.

(/usr/share/texlive/texmf-dist/tex/latex/latexconfig/epstopdf-sys.cfg
File: epstopdf-sys.cfg 2010/07/13 v1.3 Configuration of (r)epstopdf for TeX Liv
e
)))
(/usr/share/texlive/texmf-dist/tex/latex/base/fixltx2e.sty
Package: fixltx2e 2006/09/13 v1.1m fixes to LaTeX
LaTeX Info: Redefining \em on input line 420.
LaTeX Info: The control sequence `\[' is already robust on input line 471.
LaTeX Info: The control sequence `\]' is already robust on input line 472.
)
(/usr/share/texmf/tex/generic/pgf/frontendlayer/tikz/libraries/tikzlibraryshape
s.code.tex
File: tikzlibraryshapes.code.tex 2008/01/09 v2.10 (rcs-revision 1.1)

(/usr/share/texmf/tex/generic/pgf/frontendlayer/tikz/libraries/tikzlibraryshape
s.geometric.code.tex
File: tikzlibraryshapes.geometric.code.tex 2008/01/09 v2.10 (rcs-revision 1.1)

(/usr/share/texmf/tex/generic/pgf/libraries/shapes/pgflibraryshapes.geometric.c
ode.tex
File: pgflibraryshapes.geometric.code.tex 2008/06/26 v2.10 (rcs-revision 1.1)
))
(/usr/share/texmf/tex/generic/pgf/frontendlayer/tikz/libraries/tikzlibraryshape
s.misc.code.tex
File: tikzlibraryshapes.misc.code.tex 2008/01/09 v2.10 (rcs-revision 1.1)

(/usr/share/texmf/tex/generic/pgf/libraries/shapes/pgflibraryshapes.misc.code.t
ex
File: pgflibraryshapes.misc.code.tex 2008/10/07 v2.10 (rcs-revision 1.3)
))
(/usr/share/texmf/tex/generic/pgf/frontendlayer/tikz/libraries/tikzlibraryshape
s.symbols.code.tex
File: tikzlibraryshapes.symbols.code.tex 2008/01/09 v2.10 (rcs-revision 1.1)

(/usr/share/texmf/tex/generic/pgf/libraries/shapes/pgflibraryshapes.symbols.cod
e.tex
File: pgflibraryshapes.symbols.code.tex 2009/10/27 v2.10 (rcs-revision 1.3)
))
(/usr/share/texmf/tex/generic/pgf/frontendlayer/tikz/libraries/tikzlibraryshape
s.arrows.code.tex
File: tikzlibraryshapes.arrows.code.tex 2008/01/09 v2.10 (rcs-revision 1.1)

(/usr/share/texmf/tex/generic/pgf/libraries/shapes/pgflibraryshapes.arrows.code
.tex
File: pgflibraryshapes.arrows.code.tex 2008/06/26 v2.10 (rcs-revision 1.1)
))
(/usr/share/texmf/tex/generic/pgf/frontendlayer/tikz/libraries/tikzlibraryshape
s.callouts.code.tex
(/usr/share/texmf/tex/generic/pgf/libraries/shapes/pgflibraryshapes.callouts.co
de.tex))
(/usr/share/texmf/tex/generic/pgf/frontendlayer/tikz/libraries/tikzlibraryshape
s.multipart.code.tex
File: tikzlibraryshapes.multipart.code.tex 2008/01/09 v2.10 (rcs-revision 1.1)

(/usr/share/texmf/tex/generic/pgf/libraries/shapes/pgflibraryshapes.multipart.c
ode.tex
File: pgflibraryshapes.multipart.code.tex 2010/01/07 v2.10 (rcs-revision 1.2)
\pgfnodepartlowerbox=\box59
\pgfnodeparttwobox=\box60
\pgfnodepartthreebox=\box61
\pgfnodepartfourbox=\box62
\pgfnodeparttwentybox=\box63
\pgfnodepartnineteenbox=\box64
\pgfnodeparteighteenbox=\box65
\pgfnodepartseventeenbox=\box66
\pgfnodepartsixteenbox=\box67
\pgfnodepartfifteenbox=\box68
\pgfnodepartfourteenbox=\box69
\pgfnodepartthirteenbox=\box70
\pgfnodeparttwelvebox=\box71
\pgfnodepartelevenbox=\box72
\pgfnodeparttenbox=\box73
\pgfnodepartninebox=\box74
\pgfnodeparteightbox=\box75
\pgfnodepartsevenbox=\box76
\pgfnodepartsixbox=\box77
\pgfnodepartfivebox=\box78
)))
(/usr/share/texmf/tex/generic/pgf/frontendlayer/tikz/libraries/tikzlibraryarrow
s.code.tex
File: tikzlibraryarrows.code.tex 2008/01/09 v2.10 (rcs-revision 1.1)

(/usr/share/texmf/tex/generic/pgf/libraries/pgflibraryarrows.code.tex
File: pgflibraryarrows.code.tex 2008/10/27 v2.10 (rcs-revision 1.9)
\arrowsize=\dimen222
))
(./bbding.sty
Package: bbding 1999/04/15 v1.01 Dingbats symbols
) (/usr/share/texmf/tex/latex/beamer/base/multimedia/xmpmulti.sty
\@mpm@count=\count186
) (./lic.aux

LaTeX Warning: Label `fig:test1' multiply defined.


LaTeX Warning: Label `fig:test2' multiply defined.


LaTeX Warning: Label `fig:test1' multiply defined.


LaTeX Warning: Label `fig:test2' multiply defined.


LaTeX Warning: Label `fig:test1' multiply defined.


LaTeX Warning: Label `fig:test2' multiply defined.


LaTeX Warning: Label `fig:test1' multiply defined.


LaTeX Warning: Label `fig:test2' multiply defined.


LaTeX Warning: Label `fig:test1' multiply defined.


LaTeX Warning: Label `fig:test2' multiply defined.


LaTeX Warning: Label `fig:test1' multiply defined.


LaTeX Warning: Label `fig:test2' multiply defined.

)
\openout1 = `lic.aux'.

LaTeX Font Info:    Checking defaults for OML/cmm/m/it on input line 56.
LaTeX Font Info:    ... okay on input line 56.
LaTeX Font Info:    Checking defaults for T1/cmr/m/n on input line 56.
LaTeX Font Info:    ... okay on input line 56.
LaTeX Font Info:    Checking defaults for OT1/cmr/m/n on input line 56.
LaTeX Font Info:    ... okay on input line 56.
LaTeX Font Info:    Checking defaults for OMS/cmsy/m/n on input line 56.
LaTeX Font Info:    ... okay on input line 56.
LaTeX Font Info:    Checking defaults for OMX/cmex/m/n on input line 56.
LaTeX Font Info:    ... okay on input line 56.
LaTeX Font Info:    Checking defaults for U/cmr/m/n on input line 56.
LaTeX Font Info:    ... okay on input line 56.
LaTeX Font Info:    Checking defaults for PD1/pdf/m/n on input line 56.
LaTeX Font Info:    ... okay on input line 56.

*geometry* driver: auto-detecting
*geometry* detected driver: pdftex
*geometry* verbose mode - [ preamble ] result:
* driver: pdftex
* paper: custom
* layout: <same size as paper>
* layoutoffset:(h,v)=(0.0pt,0.0pt)
* modes: includehead includefoot 
* h-part:(L,W,R)=(10.95003pt, 342.2953pt, 10.95003pt)
* v-part:(T,H,B)=(0.0pt, 273.14662pt, 0.0pt)
* \paperwidth=364.19536pt
* \paperheight=273.14662pt
* \textwidth=342.2953pt
* \textheight=244.6939pt
* \oddsidemargin=-61.31996pt
* \evensidemargin=-61.31996pt
* \topmargin=-72.26999pt
* \headheight=14.22636pt
* \headsep=0.0pt
* \topskip=11.0pt
* \footskip=14.22636pt
* \marginparwidth=4.0pt
* \marginparsep=10.0pt
* \columnsep=10.0pt
* \skip\footins=10.0pt plus 4.0pt minus 2.0pt
* \hoffset=0.0pt
* \voffset=0.0pt
* \mag=1000
* \@twocolumnfalse
* \@twosidefalse
* \@mparswitchfalse
* \@reversemarginfalse
* (1in=72.27pt=25.4mm, 1cm=28.453pt)

(/usr/share/texlive/texmf-dist/tex/context/base/supp-pdf.mkii
[Loading MPS to PDF converter (version 2006.09.02).]
\scratchcounter=\count187
\scratchdimen=\dimen223
\scratchbox=\box79
\nofMPsegments=\count188
\nofMParguments=\count189
\everyMPshowfont=\toks44
\MPscratchCnt=\count190
\MPscratchDim=\dimen224
\MPnumerator=\count191
\makeMPintoPDFobject=\count192
\everyMPtoPDFconversion=\toks45
) ABD: EveryShipout initializing macros
\AtBeginShipoutBox=\box80
Package hyperref Info: Link coloring OFF on input line 56.

(/usr/share/texlive/texmf-dist/tex/latex/hyperref/nameref.sty
Package: nameref 2012/10/27 v2.43 Cross-referencing by name of section

(/usr/share/texlive/texmf-dist/tex/generic/oberdiek/gettitlestring.sty
Package: gettitlestring 2010/12/03 v1.4 Cleanup title references (HO)
)
\c@section@level=\count193
)
LaTeX Info: Redefining \ref on input line 56.
LaTeX Info: Redefining \pageref on input line 56.
LaTeX Info: Redefining \nameref on input line 56.

(./lic.out) (./lic.out)
\@outlinefile=\write6
\openout6 = `lic.out'.


(/usr/share/texmf/tex/latex/beamer/base/translator/dicts/translator-basic-dicti
onary/translator-basic-dictionary-English.dict
Dictionary: translator-basic-dictionary, Language: English 
)
(/usr/share/texmf/tex/latex/beamer/base/translator/dicts/translator-bibliograph
y-dictionary/translator-bibliography-dictionary-English.dict
Dictionary: translator-bibliography-dictionary, Language: English 
)
(/usr/share/texmf/tex/latex/beamer/base/translator/dicts/translator-environment
-dictionary/translator-environment-dictionary-English.dict
Dictionary: translator-environment-dictionary, Language: English 
)
(/usr/share/texmf/tex/latex/beamer/base/translator/dicts/translator-months-dict
ionary/translator-months-dictionary-English.dict
Dictionary: translator-months-dictionary, Language: English 
)
(/usr/share/texmf/tex/latex/beamer/base/translator/dicts/translator-numbers-dic
tionary/translator-numbers-dictionary-English.dict
Dictionary: translator-numbers-dictionary, Language: English 
)
(/usr/share/texmf/tex/latex/beamer/base/translator/dicts/translator-theorem-dic
tionary/translator-theorem-dictionary-English.dict
Dictionary: translator-theorem-dictionary, Language: English 
)
LaTeX Info: Redefining \includegraphics on input line 56.
Package caption Info: Begin \AtBeginDocument code.
Package caption Info: picins package is loaded.
Package caption Info: End \AtBeginDocument code.
 (./lic.nav)

Package hyperref Warning: Option `pdfauthor' has already been used,
(hyperref)                setting the option has no effect on input line 64.

LaTeX Font Info:    Try loading font information for U+msa on input line 70.
(/usr/share/texlive/texmf-dist/tex/latex/amsfonts/umsa.fd
File: umsa.fd 2013/01/14 v3.01 AMS symbols A
)
LaTeX Font Info:    Try loading font information for U+msb on input line 70.

(/usr/share/texlive/texmf-dist/tex/latex/amsfonts/umsb.fd
File: umsb.fd 2013/01/14 v3.01 AMS symbols B
)
Package epstopdf Info: Source file: <figures/kth.eps>
(epstopdf)                    date: 2013-04-18 14:42:46
(epstopdf)                    size: 752426 bytes
(epstopdf)             Output file: <figures/kth-eps-converted-to.pdf>
(epstopdf)                    date: 2015-02-26 17:22:58
(epstopdf)                    size: 71199 bytes
(epstopdf)             Command: <repstopdf --outfile=figures/kth-eps-converted-
to.pdf figures/kth.eps>
(epstopdf)             \includegraphics on input line 70.
Package epstopdf Info: Output file is already uptodate.

<figures/kth-eps-converted-to.pdf, id=52, 286.06876pt x 286.06876pt>
File: figures/kth-eps-converted-to.pdf Graphic file (type pdf)

<use figures/kth-eps-converted-to.pdf>
Package pdftex.def Info: figures/kth-eps-converted-to.pdf used on input line 70
.
(pdftex.def)             Requested size: 51.34174pt x 51.3422pt.


LaTeX Font Warning: Font shape `OT1/cmss/m/n' in size <4> not available
(Font)              size <5> substituted on input line 70.

[1

{/var/lib/texmf/fonts/map/pdftex/updmap/pdftex.map} <./figures/kth-eps-converte
d-to.pdf>] (./lic.toc) [2

] (./lic.toc)
Package epstopdf Info: Source file: <figures/CIGS_1.eps>
(epstopdf)                    date: 2015-03-01 19:25:52
(epstopdf)                    size: 2718591 bytes
(epstopdf)             Output file: <figures/CIGS_1-eps-converted-to.pdf>
(epstopdf)                    date: 2015-03-01 20:37:22
(epstopdf)                    size: 411265 bytes
(epstopdf)             Command: <repstopdf --outfile=figures/CIGS_1-eps-convert
ed-to.pdf figures/CIGS_1.eps>
(epstopdf)             \includegraphics on input line 83.
Package epstopdf Info: Output file is already uptodate.

<figures/CIGS_1-eps-converted-to.pdf, id=104, 722.7pt x 542.025pt>
File: figures/CIGS_1-eps-converted-to.pdf Graphic file (type pdf)

<use figures/CIGS_1-eps-converted-to.pdf>
Package pdftex.def Info: figures/CIGS_1-eps-converted-to.pdf used on input line
 83.
(pdftex.def)             Requested size: 296.65077pt x 222.48985pt.

Overfull \vbox (5.18176pt too high) detected at line 83
 []


Underfull \vbox (badness 10000) has occurred while \output is active []

 [3

]
[4 <./figures/CIGS_1-eps-converted-to.pdf>]
Package epstopdf Info: Source file: <figures/CIGS_2.eps>
(epstopdf)                    date: 2015-03-01 19:25:52
(epstopdf)                    size: 2396314 bytes
(epstopdf)             Output file: <figures/CIGS_2-eps-converted-to.pdf>
(epstopdf)                    date: 2015-03-01 20:37:24
(epstopdf)                    size: 611660 bytes
(epstopdf)             Command: <repstopdf --outfile=figures/CIGS_2-eps-convert
ed-to.pdf figures/CIGS_2.eps>
(epstopdf)             \includegraphics on input line 92.
Package epstopdf Info: Output file is already uptodate.

<figures/CIGS_2-eps-converted-to.pdf, id=147, 722.7pt x 542.025pt>
File: figures/CIGS_2-eps-converted-to.pdf Graphic file (type pdf)

<use figures/CIGS_2-eps-converted-to.pdf>
Package pdftex.def Info: figures/CIGS_2-eps-converted-to.pdf used on input line
 92.
(pdftex.def)             Requested size: 296.65077pt x 222.48985pt.

Overfull \vbox (5.18176pt too high) detected at line 92
 []

[5

 <./figures/CIGS_2-eps-converted-to.pdf>] (./lic.toc)
Underfull \vbox (badness 10000) has occurred while \output is active []

 [6

]
[7]
Package epstopdf Info: Source file: <figures/CIGS_3.eps>
(epstopdf)                    date: 2015-03-01 19:25:53
(epstopdf)                    size: 2623033 bytes
(epstopdf)             Output file: <figures/CIGS_3-eps-converted-to.pdf>
(epstopdf)                    date: 2015-03-01 20:37:25
(epstopdf)                    size: 208324 bytes
(epstopdf)             Command: <repstopdf --outfile=figures/CIGS_3-eps-convert
ed-to.pdf figures/CIGS_3.eps>
(epstopdf)             \includegraphics on input line 110.
Package epstopdf Info: Output file is already uptodate.
 <figures/CIGS_3-eps-converted-to.pdf, id=189, 614.295pt x 487.8225pt>
File: figures/CIGS_3-eps-converted-to.pdf Graphic file (type pdf)

<use figures/CIGS_3-eps-converted-to.pdf>
Package pdftex.def Info: figures/CIGS_3-eps-converted-to.pdf used on input line
 110.
(pdftex.def)             Requested size: 280.17017pt x 222.48985pt.

Overfull \vbox (5.18176pt too high) detected at line 110
 []

[8

 <./figures/CIGS_3-eps-converted-to.pdf>]
<figures/APL1b.jpg, id=209, 489.62926pt x 441.44925pt>
File: figures/APL1b.jpg Graphic file (type jpg)
 <use figures/APL1b.jpg>
Package pdftex.def Info: figures/APL1b.jpg used on input line 138.
(pdftex.def)             Requested size: 119.80283pt x 108.01118pt.
Package epstopdf Info: Source file: <figures/CIGS_4.eps>
(epstopdf)                    date: 2015-03-01 19:25:53
(epstopdf)                    size: 346242 bytes
(epstopdf)             Output file: <figures/CIGS_4-eps-converted-to.pdf>
(epstopdf)                    date: 2015-03-01 20:37:26
(epstopdf)                    size: 26328 bytes
(epstopdf)             Command: <repstopdf --outfile=figures/CIGS_4-eps-convert
ed-to.pdf figures/CIGS_4.eps>
(epstopdf)             \includegraphics on input line 138.
Package epstopdf Info: Output file is already uptodate.

<figures/CIGS_4-eps-converted-to.pdf, id=210, 252.945pt x 298.11375pt>
File: figures/CIGS_4-eps-converted-to.pdf Graphic file (type pdf)

<use figures/CIGS_4-eps-converted-to.pdf>
Package pdftex.def Info: figures/CIGS_4-eps-converted-to.pdf used on input line
 138.
(pdftex.def)             Requested size: 119.80283pt x 141.1961pt.
 [9

 <./figures/APL1b.jpg> <./figures/CIGS_4-eps-converted-to.pdf>] (./lic.toc)
Underfull \vbox (badness 10000) has occurred while \output is active []

 [10

]
[11] [12

]
Package epstopdf Info: Source file: <figures/unitcell.eps>
(epstopdf)                    date: 2014-10-24 17:14:26
(epstopdf)                    size: 555568 bytes
(epstopdf)             Output file: <figures/unitcell-eps-converted-to.pdf>
(epstopdf)                    date: 2015-02-28 22:56:33
(epstopdf)                    size: 53165 bytes
(epstopdf)             Command: <repstopdf --outfile=figures/unitcell-eps-conve
rted-to.pdf figures/unitcell.eps>
(epstopdf)             \includegraphics on input line 196.
Package epstopdf Info: Output file is already uptodate.

<figures/unitcell-eps-converted-to.pdf, id=269, 623.32875pt x 397.485pt>
File: figures/unitcell-eps-converted-to.pdf Graphic file (type pdf)

<use figures/unitcell-eps-converted-to.pdf>
Package pdftex.def Info: figures/unitcell-eps-converted-to.pdf used on input li
ne 196.
(pdftex.def)             Requested size: 249.32707pt x 158.99118pt.

Overfull \vbox (6.18309pt too high) detected at line 196
 []

[13

 <./figures/unitcell-eps-converted-to.pdf>] [14

] [15

] (./lic.toc)
Underfull \vbox (badness 10000) has occurred while \output is active []

 [16

]
[17]

LaTeX Font Warning: Command \small invalid in math mode on input line 293.


LaTeX Font Warning: Command \small invalid in math mode on input line 293.


LaTeX Font Warning: Command \small invalid in math mode on input line 293.


LaTeX Font Warning: Command \small invalid in math mode on input line 293.


LaTeX Font Warning: Command \small invalid in math mode on input line 293.


LaTeX Font Warning: Command \small invalid in math mode on input line 293.


LaTeX Font Warning: Command \small invalid in math mode on input line 293.


LaTeX Font Warning: Command \small invalid in math mode on input line 293.


LaTeX Font Warning: Command \small invalid in math mode on input line 293.


LaTeX Font Warning: Command \small invalid in math mode on input line 293.


Overfull \hbox (14.07153pt too wide) in paragraph at lines 293--293
[]  
 []


Overfull \vbox (10.74753pt too high) detected at line 293
 []

[18

]
Package epstopdf Info: Source file: <figures/paper2figure1.eps>
(epstopdf)                    date: 2014-09-25 15:56:44
(epstopdf)                    size: 105511 bytes
(epstopdf)             Output file: <figures/paper2figure1-eps-converted-to.pdf
>
(epstopdf)                    date: 2015-03-01 15:19:16
(epstopdf)                    size: 70044 bytes
(epstopdf)             Command: <repstopdf --outfile=figures/paper2figure1-eps-
converted-to.pdf figures/paper2figure1.eps>
(epstopdf)             \includegraphics on input line 315.
Package epstopdf Info: Output file is already uptodate.

<figures/paper2figure1-eps-converted-to.pdf, id=344, 333.245pt x 494.84875pt>
File: figures/paper2figure1-eps-converted-to.pdf Graphic file (type pdf)

<use figures/paper2figure1-eps-converted-to.pdf>
Package pdftex.def Info: figures/paper2figure1-eps-converted-to.pdf used on inp
ut line 315.
(pdftex.def)             Requested size: 119.80283pt x 177.89624pt.
pdfTeX warning (ext4): destination with the same identifier (name{fig:test1}) h
as been already used, duplicate ignored
<to be read again> 
                   \relax 
l.315 \end{frame}
                 
Package epstopdf Info: Source file: <figures/paper2figure2.eps>
(epstopdf)                    date: 2014-09-25 15:56:44
(epstopdf)                    size: 81822 bytes
(epstopdf)             Output file: <figures/paper2figure2-eps-converted-to.pdf
>
(epstopdf)                    date: 2015-03-01 15:45:35
(epstopdf)                    size: 51116 bytes
(epstopdf)             Command: <repstopdf --outfile=figures/paper2figure2-eps-
converted-to.pdf figures/paper2figure2.eps>
(epstopdf)             \includegraphics on input line 315.
Package epstopdf Info: Output file is already uptodate.

<figures/paper2figure2-eps-converted-to.pdf, id=345, 340.27126pt x 492.84125pt>
File: figures/paper2figure2-eps-converted-to.pdf Graphic file (type pdf)
<use figures/paper2figure2-eps-converted-to.pdf>
Package pdftex.def Info: figures/paper2figure2-eps-converted-to.pdf used on inp
ut line 315.
(pdftex.def)             Requested size: 119.80283pt x 173.51974pt.
pdfTeX warning (ext4): destination with the same identifier (name{fig:test2}) h
as been already used, duplicate ignored
<to be read again> 
                   \relax 
l.315 \end{frame}
                 
Overfull \vbox (14.33813pt too high) detected at line 315
 []

[19

 <./figures/paper2figure1-eps-converted-to.pdf> <./figures/paper2figure2-eps-co
nverted-to.pdf>]
Package epstopdf Info: Source file: <figures/paper1figure3.eps>
(epstopdf)                    date: 2014-09-25 15:56:44
(epstopdf)                    size: 174659 bytes
(epstopdf)             Output file: <figures/paper1figure3-eps-converted-to.pdf
>
(epstopdf)                    date: 2015-03-01 11:07:31
(epstopdf)                    size: 114186 bytes
(epstopdf)             Command: <repstopdf --outfile=figures/paper1figure3-eps-
converted-to.pdf figures/paper1figure3.eps>
(epstopdf)             \includegraphics on input line 337.
Package epstopdf Info: Output file is already uptodate.

<figures/paper1figure3-eps-converted-to.pdf, id=377, 333.245pt x 492.84125pt>
File: figures/paper1figure3-eps-converted-to.pdf Graphic file (type pdf)

<use figures/paper1figure3-eps-converted-to.pdf>
Package pdftex.def Info: figures/paper1figure3-eps-converted-to.pdf used on inp
ut line 337.
(pdftex.def)             Requested size: 119.80283pt x 177.17455pt.
pdfTeX warning (ext4): destination with the same identifier (name{fig:test1}) h
as been already used, duplicate ignored
<to be read again> 
                   \relax 
l.337 \end{frame}
                 
Package epstopdf Info: Source file: <figures/fermi_sphere_cii.eps>
(epstopdf)                    date: 2014-09-25 15:56:44
(epstopdf)                    size: 13035149 bytes
(epstopdf)             Output file: <figures/fermi_sphere_cii-eps-converted-to.
pdf>
(epstopdf)                    date: 2015-03-01 11:07:35
(epstopdf)                    size: 222543 bytes
(epstopdf)             Command: <repstopdf --outfile=figures/fermi_sphere_cii-e
ps-converted-to.pdf figures/fermi_sphere_cii.eps>
(epstopdf)             \includegraphics on input line 337.
Package epstopdf Info: Output file is already uptodate.

<figures/fermi_sphere_cii-eps-converted-to.pdf, id=378, 546.04pt x 842.14626pt>
File: figures/fermi_sphere_cii-eps-converted-to.pdf Graphic file (type pdf)
<use figures/fermi_sphere_cii-eps-converted-to.pdf>
Package pdftex.def Info: figures/fermi_sphere_cii-eps-converted-to.pdf used on 
input line 337.
(pdftex.def)             Requested size: 119.80283pt x 184.77159pt.
pdfTeX warning (ext4): destination with the same identifier (name{fig:test2}) h
as been already used, duplicate ignored
<to be read again> 
                   \relax 
l.337 \end{frame}
                 
Overfull \vbox (13.61644pt too high) detected at line 337
 []

[20

 <./figures/paper1figure3-eps-converted-to.pdf> <./figures/fermi_sphere_cii-eps
-converted-to.pdf>] [21

]
Package epstopdf Info: Source file: <figures/paper2figure4.eps>
(epstopdf)                    date: 2014-09-25 15:56:44
(epstopdf)                    size: 122389 bytes
(epstopdf)             Output file: <figures/paper2figure4-eps-converted-to.pdf
>
(epstopdf)                    date: 2015-03-01 11:16:19
(epstopdf)                    size: 64728 bytes
(epstopdf)             Command: <repstopdf --outfile=figures/paper2figure4-eps-
converted-to.pdf figures/paper2figure4.eps>
(epstopdf)             \includegraphics on input line 381.
Package epstopdf Info: Output file is already uptodate.

<figures/paper2figure4-eps-converted-to.pdf, id=422, 389.455pt x 545.03625pt>
File: figures/paper2figure4-eps-converted-to.pdf Graphic file (type pdf)

<use figures/paper2figure4-eps-converted-to.pdf>
Package pdftex.def Info: figures/paper2figure4-eps-converted-to.pdf used on inp
ut line 381.
(pdftex.def)             Requested size: 119.80283pt x 167.66211pt.
pdfTeX warning (ext4): destination with the same identifier (name{fig:test1}) h
as been already used, duplicate ignored
<to be read again> 
                   \relax 
l.381 \end{frame}
                 
Package epstopdf Info: Source file: <figures/paper2figure6.eps>
(epstopdf)                    date: 2014-09-25 15:56:44
(epstopdf)                    size: 112671 bytes
(epstopdf)             Output file: <figures/paper2figure6-eps-converted-to.pdf
>
(epstopdf)                    date: 2015-03-01 11:16:19
(epstopdf)                    size: 57988 bytes
(epstopdf)             Command: <repstopdf --outfile=figures/paper2figure6-eps-
converted-to.pdf figures/paper2figure6.eps>
(epstopdf)             \includegraphics on input line 381.
Package epstopdf Info: Output file is already uptodate.

<figures/paper2figure6-eps-converted-to.pdf, id=423, 391.4625pt x 567.11874pt>
File: figures/paper2figure6-eps-converted-to.pdf Graphic file (type pdf)

<use figures/paper2figure6-eps-converted-to.pdf>
Package pdftex.def Info: figures/paper2figure6-eps-converted-to.pdf used on inp
ut line 381.
(pdftex.def)             Requested size: 119.80283pt x 173.55507pt.
pdfTeX warning (ext4): destination with the same identifier (name{fig:test2}) h
as been already used, duplicate ignored
<to be read again> 
                   \relax 
l.381 \end{frame}
                 
Overfull \vbox (13.604pt too high) detected at line 381
 []

[22

 <./figures/paper2figure4-eps-converted-to.pdf> <./figures/paper2figure6-eps-co
nverted-to.pdf>]
Package epstopdf Info: Source file: <figures/paper2figure7a.eps>
(epstopdf)                    date: 2014-09-25 15:56:44
(epstopdf)                    size: 32230 bytes
(epstopdf)             Output file: <figures/paper2figure7a-eps-converted-to.pd
f>
(epstopdf)                    date: 2015-03-01 11:19:18
(epstopdf)                    size: 22318 bytes
(epstopdf)             Command: <repstopdf --outfile=figures/paper2figure7a-eps
-converted-to.pdf figures/paper2figure7a.eps>
(epstopdf)             \includegraphics on input line 404.
Package epstopdf Info: Output file is already uptodate.

<figures/paper2figure7a-eps-converted-to.pdf, id=457, 527.9725pt x 533.995pt>
File: figures/paper2figure7a-eps-converted-to.pdf Graphic file (type pdf)

<use figures/paper2figure7a-eps-converted-to.pdf>
Package pdftex.def Info: figures/paper2figure7a-eps-converted-to.pdf used on in
put line 404.
(pdftex.def)             Requested size: 119.80283pt x 121.1622pt.
pdfTeX warning (ext4): destination with the same identifier (name{fig:test1}) h
as been already used, duplicate ignored
<to be read again> 
                   \relax 
l.404 \end{frame}
                 
Package epstopdf Info: Source file: <figures/paper2figure7b.eps>
(epstopdf)                    date: 2014-09-25 15:56:44
(epstopdf)                    size: 59220 bytes
(epstopdf)             Output file: <figures/paper2figure7b-eps-converted-to.pd
f>
(epstopdf)                    date: 2015-03-01 11:19:19
(epstopdf)                    size: 37977 bytes
(epstopdf)             Command: <repstopdf --outfile=figures/paper2figure7b-eps
-converted-to.pdf figures/paper2figure7b.eps>
(epstopdf)             \includegraphics on input line 404.
Package epstopdf Info: Output file is already uptodate.

<figures/paper2figure7b-eps-converted-to.pdf, id=458, 516.93124pt x 532.99126pt
>
File: figures/paper2figure7b-eps-converted-to.pdf Graphic file (type pdf)
 <use figures/paper2figure7b-eps-converted-to.pdf>
Package pdftex.def Info: figures/paper2figure7b-eps-converted-to.pdf used on in
put line 404.
(pdftex.def)             Requested size: 119.80283pt x 123.52068pt.
pdfTeX warning (ext4): destination with the same identifier (name{fig:test2}) h
as been already used, duplicate ignored
<to be read again> 
                   \relax 
l.404 \end{frame}
                 
Overfull \vbox (4.1041pt too high) detected at line 404
 []

[23

 <./figures/paper2figure7a-eps-converted-to.pdf> <./figures/paper2figure7b-eps-
converted-to.pdf>]
\openout4 = `lic.vrb'.

 (./lic.vrb Excluding 'comment' comment.
Package epstopdf Info: Source file: <figures/paper2figure9.eps>
(epstopdf)                    date: 2014-09-25 15:56:44
(epstopdf)                    size: 234346 bytes
(epstopdf)             Output file: <figures/paper2figure9-eps-converted-to.pdf
>
(epstopdf)                    date: 2015-03-01 16:43:42
(epstopdf)                    size: 108842 bytes
(epstopdf)             Command: <repstopdf --outfile=figures/paper2figure9-eps-
converted-to.pdf figures/paper2figure9.eps>
(epstopdf)             \includegraphics on input line 25.
Package epstopdf Info: Output file is already uptodate.

<figures/paper2figure9-eps-converted-to.pdf, id=480, 586.19pt x 284.06125pt>
File: figures/paper2figure9-eps-converted-to.pdf Graphic file (type pdf)

<use figures/paper2figure9-eps-converted-to.pdf>
Package pdftex.def Info: figures/paper2figure9-eps-converted-to.pdf used on inp
ut line 25.
(pdftex.def)             Requested size: 239.60567pt x 116.11043pt.
) [24

 <./figures/paper2figure9-eps-converted-to.pdf>]

Package hyperref Warning: Token not allowed in a PDF string (PDFDocEncoding):
(hyperref)                removing `\mathsurround' on input line 441.


Package hyperref Warning: Token not allowed in a PDF string (PDFDocEncoding):
(hyperref)                removing `\z@' on input line 441.


Package hyperref Warning: Token not allowed in a PDF string (PDFDocEncoding):
(hyperref)                removing `subscript' on input line 441.


Package hyperref Warning: Token not allowed in a PDF string (PDFDocEncoding):
(hyperref)                removing `\mathsurround' on input line 441.


Package hyperref Warning: Token not allowed in a PDF string (PDFDocEncoding):
(hyperref)                removing `\z@' on input line 441.


Package hyperref Warning: Token not allowed in a PDF string (PDFDocEncoding):
(hyperref)                removing `subscript' on input line 441.


Package hyperref Warning: Token not allowed in a PDF string (PDFDocEncoding):
(hyperref)                removing `\mathsurround' on input line 441.


Package hyperref Warning: Token not allowed in a PDF string (PDFDocEncoding):
(hyperref)                removing `\z@' on input line 441.


Package hyperref Warning: Token not allowed in a PDF string (PDFDocEncoding):
(hyperref)                removing `subscript' on input line 441.

File: figures/APL1b.jpg Graphic file (type jpg)
<use figures/APL1b.jpg>
Package pdftex.def Info: figures/APL1b.jpg used on input line 464.
(pdftex.def)             Requested size: 119.80283pt x 108.01118pt.
pdfTeX warning (ext4): destination with the same identifier (name{fig:test1}) h
as been already used, duplicate ignored
<to be read again> 
                   \relax 
l.464 \end{frame}
                  <figures/APL1a.jpg, id=494, 446.50815pt x 441.44925pt>
File: figures/APL1a.jpg Graphic file (type jpg)

<use figures/APL1a.jpg>
Package pdftex.def Info: figures/APL1a.jpg used on input line 464.
(pdftex.def)             Requested size: 119.80283pt x 118.44519pt.
pdfTeX warning (ext4): destination with the same identifier (name{fig:test2}) h
as been already used, duplicate ignored
<to be read again> 
                   \relax 
l.464 \end{frame}
                  [25

 <./figures/APL1a.jpg>]
Package epstopdf Info: Source file: <figures/APL4.eps>
(epstopdf)                    date: 2014-11-06 17:29:09
(epstopdf)                    size: 11596660 bytes
(epstopdf)             Output file: <figures/APL4-eps-converted-to.pdf>
(epstopdf)                    date: 2015-03-01 11:28:25
(epstopdf)                    size: 229598 bytes
(epstopdf)             Command: <repstopdf --outfile=figures/APL4-eps-converted
-to.pdf figures/APL4.eps>
(epstopdf)             \includegraphics on input line 485.
Package epstopdf Info: Output file is already uptodate.

<figures/APL4-eps-converted-to.pdf, id=501, 343.2825pt x 394.47375pt>
File: figures/APL4-eps-converted-to.pdf Graphic file (type pdf)

<use figures/APL4-eps-converted-to.pdf>
Package pdftex.def Info: figures/APL4-eps-converted-to.pdf used on input line 4
85.
(pdftex.def)             Requested size: 136.91862pt x 157.33525pt.
pdfTeX warning (ext4): destination with the same identifier (name{fig:test1}) h
as been already used, duplicate ignored
<to be read again> 
                   \relax 
l.485 \end{frame}
                 
Package epstopdf Info: Source file: <figures/APL3.eps>
(epstopdf)                    date: 2014-11-06 17:32:16
(epstopdf)                    size: 10923952 bytes
(epstopdf)             Output file: <figures/APL3-eps-converted-to.pdf>
(epstopdf)                    date: 2015-03-01 11:28:21
(epstopdf)                    size: 158593 bytes
(epstopdf)             Command: <repstopdf --outfile=figures/APL3-eps-converted
-to.pdf figures/APL3.eps>
(epstopdf)             \includegraphics on input line 485.
Package epstopdf Info: Output file is already uptodate.

<figures/APL3-eps-converted-to.pdf, id=502, 415.5525pt x 249.93375pt>
File: figures/APL3-eps-converted-to.pdf Graphic file (type pdf)

<use figures/APL3-eps-converted-to.pdf>
Package pdftex.def Info: figures/APL3-eps-converted-to.pdf used on input line 4
85.
(pdftex.def)             Requested size: 171.14764pt x 102.93495pt.
pdfTeX warning (ext4): destination with the same identifier (name{fig:test2}) h
as been already used, duplicate ignored
<to be read again> 
                   \relax 
l.485 \end{frame}
                 
Overfull \vbox (11.77715pt too high) detected at line 485
 []

[26

 <./figures/APL4-eps-converted-to.pdf> <./figures/APL3-eps-converted-to.pdf>] (
./lic.toc)
Underfull \vbox (badness 10000) has occurred while \output is active []

 [27

]
[28] (./lic.toc)
Package epstopdf Info: Source file: <figures/price.eps>
(epstopdf)                    date: 2014-10-24 17:14:25
(epstopdf)                    size: 286286 bytes
(epstopdf)             Output file: <figures/price-eps-converted-to.pdf>
(epstopdf)                    date: 2015-03-01 17:18:15
(epstopdf)                    size: 19739 bytes
(epstopdf)             Command: <repstopdf --outfile=figures/price-eps-converte
d-to.pdf figures/price.eps>
(epstopdf)             \includegraphics on input line 531.
Package epstopdf Info: Output file is already uptodate.

<figures/price-eps-converted-to.pdf, id=564, 379.4175pt x 234.8775pt>
File: figures/price-eps-converted-to.pdf Graphic file (type pdf)

<use figures/price-eps-converted-to.pdf>
Package pdftex.def Info: figures/price-eps-converted-to.pdf used on input line 
531.
(pdftex.def)             Requested size: 160.19762pt x 99.17113pt.

Overfull \vbox (5.65189pt too high) detected at line 531
 []


Underfull \vbox (badness 10000) has occurred while \output is active []

 [29

]
[30 <./figures/price-eps-converted-to.pdf>] (./lic.toc)
Underfull \vbox (badness 10000) has occurred while \output is active []

 [31

]
[32] Excluding 'comment' comment. [33

]
\tf@nav=\write7
\openout7 = `lic.nav'.

\tf@toc=\write8
\openout8 = `lic.toc'.

\tf@snm=\write9
\openout9 = `lic.snm'.

Package atveryend Info: Empty hook `BeforeClearDocument' on input line 582.
Package atveryend Info: Empty hook `AfterLastShipout' on input line 582.
 (./lic.aux)
Package atveryend Info: Executing hook `AtVeryEndDocument' on input line 582.
Package atveryend Info: Executing hook `AtEndAfterFileList' on input line 582.
Package rerunfilecheck Info: File `lic.out' has not changed.
(rerunfilecheck)             Checksum: D3569E000D507E1ACE9E3E84A5338713;515.


LaTeX Font Warning: Size substitutions with differences
(Font)              up to 1.0pt have occurred.


LaTeX Warning: There were multiply-defined labels.

Package atveryend Info: Empty hook `AtVeryVeryEnd' on input line 582.
 ) 
Here is how much of TeX's memory you used:
 21743 strings out of 494989
 428813 string characters out of 6180577
 537591 words of memory out of 5000000
 24323 multiletter control sequences out of 15000+600000
 16444 words of font info for 62 fonts, out of 8000000 for 9000
 36 hyphenation exceptions out of 8191
 49i,24n,62p,541b,809s stack positions out of 5000i,500n,10000p,200000b,80000s
</usr/share/texlive/texmf-dist/fonts/type1/public/amsfonts/cm/cmex10.pfb></us
r/share/texlive/texmf-dist/fonts/type1/public/amsfonts/cm/cmmi10.pfb></usr/shar
e/texlive/texmf-dist/fonts/type1/public/amsfonts/cm/cmmi12.pfb></usr/share/texl
ive/texmf-dist/fonts/type1/public/amsfonts/cm/cmmi5.pfb></usr/share/texlive/tex
mf-dist/fonts/type1/public/amsfonts/cm/cmmi6.pfb></usr/share/texlive/texmf-dist
/fonts/type1/public/amsfonts/cm/cmmi7.pfb></usr/share/texlive/texmf-dist/fonts/
type1/public/amsfonts/cm/cmmi8.pfb></usr/share/texlive/texmf-dist/fonts/type1/p
ublic/amsfonts/cm/cmr10.pfb></usr/share/texlive/texmf-dist/fonts/type1/public/a
msfonts/cm/cmr6.pfb></usr/share/texlive/texmf-dist/fonts/type1/public/amsfonts/
cm/cmr7.pfb></usr/share/texlive/texmf-dist/fonts/type1/public/amsfonts/cm/cmr8.
pfb></usr/share/texlive/texmf-dist/fonts/type1/public/amsfonts/cm/cmss10.pfb></
usr/share/texlive/texmf-dist/fonts/type1/public/amsfonts/cm/cmss12.pfb></usr/sh
are/texlive/texmf-dist/fonts/type1/public/amsfonts/cm/cmss8.pfb></usr/share/tex
live/texmf-dist/fonts/type1/public/amsfonts/cm/cmssbx10.pfb></usr/share/texlive
/texmf-dist/fonts/type1/public/amsfonts/cm/cmssi17.pfb></usr/share/texlive/texm
f-dist/fonts/type1/public/amsfonts/cm/cmssi8.pfb></usr/share/texlive/texmf-dist
/fonts/type1/public/amsfonts/cm/cmsy10.pfb></usr/share/texlive/texmf-dist/fonts
/type1/public/amsfonts/cm/cmsy6.pfb></usr/share/texlive/texmf-dist/fonts/type1/
public/amsfonts/cm/cmsy7.pfb></usr/share/texlive/texmf-dist/fonts/type1/public/
amsfonts/cm/cmsy8.pfb></usr/share/texlive/texmf-dist/fonts/type1/public/amsfont
s/symbols/msbm10.pfb>
Output written on lic.pdf (33 pages, 5681701 bytes).
PDF statistics:
 699 PDF objects out of 1000 (max. 8388607)
 84 named destinations out of 1000 (max. 500000)
 251 words of extra memory for PDF output out of 10000 (max. 10000000)

